<?xml version="1.0" encoding="UTF-8"?>
<testng-results ignored="0" total="2" passed="2" failed="0" skipped="0">
  <reporter-output>
  </reporter-output>
  <suite started-at="2021-07-13T21:03:01 IST" name="Default suite" finished-at="2021-07-13T21:03:01 IST" duration-ms="74">
    <groups>
    </groups>
    <test started-at="2021-07-13T21:03:01 IST" name="Default test" finished-at="2021-07-13T21:03:01 IST" duration-ms="74">
      <class name="CalculatorTest">
        <test-method is-config="true" signature="beforeclass()[pri:0, instance:CalculatorTest@5fd4f8f5]" started-at="2021-07-13T21:03:01 IST" name="beforeclass" finished-at="2021-07-13T21:03:01 IST" duration-ms="10" status="PASS">
          <reporter-output>
          </reporter-output>
        </test-method> <!-- beforeclass -->
        <test-method is-config="true" signature="beforemethod()[pri:0, instance:CalculatorTest@5fd4f8f5]" started-at="2021-07-13T21:03:01 IST" name="beforemethod" finished-at="2021-07-13T21:03:01 IST" duration-ms="0" status="PASS">
          <reporter-output>
          </reporter-output>
        </test-method> <!-- beforemethod -->
        <test-method signature="add1Test()[pri:0, instance:CalculatorTest@5fd4f8f5]" started-at="2021-07-13T21:03:01 IST" name="add1Test" finished-at="2021-07-13T21:03:01 IST" duration-ms="8" status="PASS">
          <reporter-output>
          </reporter-output>
        </test-method> <!-- add1Test -->
        <test-method is-config="true" signature="aftermethod()[pri:0, instance:CalculatorTest@5fd4f8f5]" started-at="2021-07-13T21:03:01 IST" name="aftermethod" finished-at="2021-07-13T21:03:01 IST" duration-ms="0" status="PASS">
          <reporter-output>
          </reporter-output>
        </test-method> <!-- aftermethod -->
        <test-method is-config="true" signature="beforemethod()[pri:0, instance:CalculatorTest@5fd4f8f5]" started-at="2021-07-13T21:03:01 IST" name="beforemethod" finished-at="2021-07-13T21:03:01 IST" duration-ms="0" status="PASS">
          <reporter-output>
          </reporter-output>
        </test-method> <!-- beforemethod -->
        <test-method signature="sub1Test()[pri:0, instance:CalculatorTest@5fd4f8f5]" started-at="2021-07-13T21:03:01 IST" name="sub1Test" finished-at="2021-07-13T21:03:01 IST" duration-ms="2" status="PASS">
          <reporter-output>
          </reporter-output>
        </test-method> <!-- sub1Test -->
        <test-method is-config="true" signature="aftermethod()[pri:0, instance:CalculatorTest@5fd4f8f5]" started-at="2021-07-13T21:03:01 IST" name="aftermethod" finished-at="2021-07-13T21:03:01 IST" duration-ms="1" status="PASS">
          <reporter-output>
          </reporter-output>
        </test-method> <!-- aftermethod -->
        <test-method is-config="true" signature="afterclass()[pri:0, instance:CalculatorTest@5fd4f8f5]" started-at="2021-07-13T21:03:01 IST" name="afterclass" finished-at="2021-07-13T21:03:01 IST" duration-ms="0" status="PASS">
          <reporter-output>
          </reporter-output>
        </test-method> <!-- afterclass -->
      </class> <!-- CalculatorTest -->
    </test> <!-- Default test -->
  </suite> <!-- Default suite -->
</testng-results>
